<?xml version="1.0" encoding="UTF-8"?>
<!-- Generated by org.testng.reporters.JUnitReportReporter -->
<testsuite skipped="0" hostname="LAPTOP-CT98278M" name="com.inetBanking.testCases.TC_LoginTest_001" tests="1" failures="0" timestamp="25 Feb 2020 10:03:09 GMT" time="3.945" errors="0">
  <testcase name="loginTest" time="3.945" classname="com.inetBanking.testCases.TC_LoginTest_001"/>
</testsuite> <!-- com.inetBanking.testCases.TC_LoginTest_001 -->
